<?xml version="1.0" encoding="UTF-8"?>
<!-- Generated by org.testng.reporters.JUnitReportReporter -->
<testsuite skipped="0" hostname="vnikolic" name="tests.LoginDDT" tests="4" failures="0" timestamp="10 Oct 2018 09:53:31 GMT" time="40.027" errors="0">
  <testcase name="loginTest" time="9.222" classname="tests.LoginDDT"/>
  <testcase name="loginTest" time="12.112" classname="tests.LoginDDT"/>
  <testcase name="loginTest" time="9.363" classname="tests.LoginDDT"/>
  <testcase name="loginTest" time="9.330" classname="tests.LoginDDT"/>
</testsuite> <!-- tests.LoginDDT -->
