<?xml version="1.0" encoding="UTF-8"?>
<!-- Generated by org.testng.reporters.JUnitReportReporter -->
<testsuite skipped="0" hostname="vnikolic" name="smoketests.ATagsTest" tests="1" failures="0" timestamp="06 Dec 2018 14:06:47 GMT" time="8.184" errors="0">
  <testcase name="loginElementsPresentTest" time="8.184" classname="smoketests.ATagsTest"/>
</testsuite> <!-- smoketests.ATagsTest -->
