<?xml version="1.0" encoding="UTF-8"?>
<!-- Generated by org.testng.reporters.JUnitReportReporter -->
<testsuite skipped="0" hostname="vnikolic" name="smoketests.LoginPresentTestNG" tests="1" failures="0" timestamp="28 Sep 2018 12:16:55 GMT" time="4.802" errors="0">
  <testcase name="loginElementsPresentTest" time="4.802" classname="smoketests.LoginPresentTestNG"/>
</testsuite> <!-- smoketests.LoginPresentTestNG -->
